<?xml version="1.0" encoding="UTF-8"?>
<!-- Generated by org.testng.reporters.JUnitReportReporter -->
<testsuite hostname="Necromant" failures="0" tests="1" name="tests.NumberLetters" time="40.846" errors="0" timestamp="2021-05-04T16:09:05 MSK" skipped="0">
  <testcase classname="tests.NumberLetters" name="searchTest" time="40.846"/>
  <system-out/>
</testsuite> <!-- tests.NumberLetters -->
