<?xml version="1.0" encoding="UTF-8"?>
<!-- Generated by org.testng.reporters.JUnitReportReporter -->
<testsuite hostname="Necromant" failures="0" tests="1" name="tests.NumberLetters" time="26.675" errors="0" timestamp="2021-05-04T02:36:08 MSK" skipped="0">
  <testcase classname="tests.NumberLetters" name="searchTest" time="26.675"/>
  <system-out/>
</testsuite> <!-- tests.NumberLetters -->
